build/intermediates/manifest_merge_blame_file/debug/manifest-merger-blame-debug-report.txt
1<?xml version="1.0" encoding="utf-8"?>
2<manifest xmlns:android="http://schemas.android.com/apk/res/android"
3    package="com.vcamera.app.debug"
4    android:versionCode="1"
5    android:versionName="1.0.0" >
6
7    <uses-sdk
8        android:minSdkVersion="21"
8-->src/main/AndroidManifest.xml
9        android:targetSdkVersion="33" />
9-->src/main/AndroidManifest.xml
10
11    <!-- الأذونات الأساسية -->
12    <uses-permission android:name="android.permission.INTERNET" />
12-->src/main/AndroidManifest.xml:7:5-67
12-->src/main/AndroidManifest.xml:7:22-64
13    <uses-permission android:name="android.permission.CAMERA" />
13-->src/main/AndroidManifest.xml:8:5-65
13-->src/main/AndroidManifest.xml:8:22-62
14    <uses-permission android:name="android.permission.RECORD_AUDIO" />
14-->src/main/AndroidManifest.xml:9:5-71
14-->src/main/AndroidManifest.xml:9:22-68
15    <uses-permission android:name="android.permission.READ_EXTERNAL_STORAGE" />
15-->src/main/AndroidManifest.xml:10:5-80
15-->src/main/AndroidManifest.xml:10:22-77
16    <uses-permission android:name="android.permission.WRITE_EXTERNAL_STORAGE" />
16-->src/main/AndroidManifest.xml:11:5-81
16-->src/main/AndroidManifest.xml:11:22-78
17    <uses-permission android:name="android.permission.FOREGROUND_SERVICE" />
17-->src/main/AndroidManifest.xml:12:5-77
17-->src/main/AndroidManifest.xml:12:22-74
18
19    <!-- أذونات للبيئة الافتراضية -->
20    <uses-permission android:name="android.permission.SYSTEM_ALERT_WINDOW" />
20-->src/main/AndroidManifest.xml:15:5-78
20-->src/main/AndroidManifest.xml:15:22-75
21    <uses-permission android:name="android.permission.GET_TASKS" />
21-->src/main/AndroidManifest.xml:16:5-68
21-->src/main/AndroidManifest.xml:16:22-65
22    <uses-permission android:name="android.permission.PACKAGE_USAGE_STATS" />
22-->src/main/AndroidManifest.xml:17:5-114
22-->src/main/AndroidManifest.xml:17:22-75
23    <uses-permission android:name="android.permission.QUERY_ALL_PACKAGES" />
23-->src/main/AndroidManifest.xml:18:5-119
23-->src/main/AndroidManifest.xml:18:22-74
24
25    <application
25-->src/main/AndroidManifest.xml:20:5-82:19
26        android:name="com.vcamera.app.VCameraApplication"
26-->src/main/AndroidManifest.xml:21:9-43
27        android:allowBackup="true"
27-->src/main/AndroidManifest.xml:22:9-35
28        android:debuggable="true"
29        android:icon="@mipmap/ic_launcher"
29-->src/main/AndroidManifest.xml:23:9-43
30        android:label="@string/app_name"
30-->src/main/AndroidManifest.xml:24:9-41
31        android:largeHeap="true"
31-->src/main/AndroidManifest.xml:28:9-33
32        android:requestLegacyExternalStorage="true"
32-->src/main/AndroidManifest.xml:29:9-52
33        android:roundIcon="@mipmap/ic_launcher_round"
33-->src/main/AndroidManifest.xml:25:9-54
34        android:supportsRtl="true"
34-->src/main/AndroidManifest.xml:26:9-35
35        android:theme="@style/Theme.VCamera" >
35-->src/main/AndroidManifest.xml:27:9-45
36
37        <!-- النشاط الرئيسي -->
38        <activity
38-->src/main/AndroidManifest.xml:32:9-41:20
39            android:name="com.vcamera.app.ui.MainActivity"
39-->src/main/AndroidManifest.xml:33:13-44
40            android:configChanges="orientation|screenSize|keyboardHidden"
40-->src/main/AndroidManifest.xml:36:13-74
41            android:exported="true"
41-->src/main/AndroidManifest.xml:34:13-36
42            android:launchMode="singleTask" >
42-->src/main/AndroidManifest.xml:35:13-44
43            <intent-filter>
43-->src/main/AndroidManifest.xml:37:13-40:29
44                <action android:name="android.intent.action.MAIN" />
44-->src/main/AndroidManifest.xml:38:17-69
44-->src/main/AndroidManifest.xml:38:25-66
45
46                <category android:name="android.intent.category.LAUNCHER" />
46-->src/main/AndroidManifest.xml:39:17-77
46-->src/main/AndroidManifest.xml:39:27-74
47            </intent-filter>
48        </activity>
49
50        <!-- نشاط إعدادات الكاميرا -->
51        <activity
51-->src/main/AndroidManifest.xml:44:9-46:40
52            android:name="com.vcamera.app.ui.CameraSettingsActivity"
52-->src/main/AndroidManifest.xml:45:13-54
53            android:exported="false" />
53-->src/main/AndroidManifest.xml:46:13-37
54
55        <!-- نشاط إدارة التطبيقات -->
56        <activity
56-->src/main/AndroidManifest.xml:49:9-51:40
57            android:name="com.vcamera.app.ui.AppManagerActivity"
57-->src/main/AndroidManifest.xml:50:13-50
58            android:exported="false" />
58-->src/main/AndroidManifest.xml:51:13-37
59
60        <!-- خدمة الكاميرا الافتراضية -->
61        <service
61-->src/main/AndroidManifest.xml:54:9-58:54
62            android:name="com.vcamera.app.services.VirtualCameraService"
62-->src/main/AndroidManifest.xml:55:13-58
63            android:enabled="true"
63-->src/main/AndroidManifest.xml:56:13-35
64            android:exported="false"
64-->src/main/AndroidManifest.xml:57:13-37
65            android:foregroundServiceType="camera" />
65-->src/main/AndroidManifest.xml:58:13-51
66
67        <!-- مقدم محتوى البيئة الافتراضية -->
68        <provider
69            android:name="com.vcamera.app.providers.VirtualEnvironmentProvider"
69-->src/main/AndroidManifest.xml:62:13-65
70            android:authorities="com.vcamera.app.debug.virtualprovider"
70-->src/main/AndroidManifest.xml:63:13-67
71            android:exported="false"
71-->src/main/AndroidManifest.xml:64:13-37
72            android:multiprocess="true" />
72-->src/main/AndroidManifest.xml:65:13-40
73
74        <!-- استقبال عمليات التثبيت والإزالة -->
75        <receiver
75-->src/main/AndroidManifest.xml:68:9-76:20
76            android:name="com.vcamera.app.receivers.PackageEventReceiver"
76-->src/main/AndroidManifest.xml:69:13-59
77            android:exported="false" >
77-->src/main/AndroidManifest.xml:70:13-37
78            <intent-filter>
78-->src/main/AndroidManifest.xml:71:13-75:29
79                <action android:name="android.intent.action.PACKAGE_ADDED" />
79-->src/main/AndroidManifest.xml:72:17-78
79-->src/main/AndroidManifest.xml:72:25-75
80                <action android:name="android.intent.action.PACKAGE_REMOVED" />
80-->src/main/AndroidManifest.xml:73:17-80
80-->src/main/AndroidManifest.xml:73:25-77
81
82                <data android:scheme="package" />
82-->src/main/AndroidManifest.xml:74:17-50
82-->src/main/AndroidManifest.xml:74:23-47
83            </intent-filter>
84        </receiver>
85
86        <!-- المكونات الافتراضية للبيئة الافتراضية -->
87        <meta-data
87-->src/main/AndroidManifest.xml:79:9-81:35
88            android:name="virtual_environment_version"
88-->src/main/AndroidManifest.xml:80:13-55
89            android:value="2.0" />
89-->src/main/AndroidManifest.xml:81:13-32
90    </application>
91
92</manifest>